 29
 21
 499
 884
 2105
 2081
 242
 3839
 3188
 3128
 2188
 4511
 4452
 7025
 4531
 7536
 8042
 3466
 8221
 5745
 3129
 11399
 9388
 5931
 11697
 5476
 6912
 14780
 6199
 7704
 15899
 13709
 8728
 15159
 15280
 13493
 19529
 22395
 13012
 24525
 27776
 21845
 23891
 25073
 31261
 17249
 23916
 19127
 35539
 26198
 39612
 27393
 35994
 30799
 30801
 43530
 39560
 28050
 43330
 42036
 41333
 24438
 22905
 24927
 19687
 34503
 51628
 29611
 66339
 51144
 35981
 74908
 55880
 23512
 61959
 87451
 72969
 104374
 19595
 74300
 40326
 22489
 84387
 80504
 34424
 92822
 77103
 33894
 146508
 30689
 51625
 115911
 24251
 21401
 13722
 137603
 35784
 165718
 58024
 124392
