 90
 26
 82
 100
 52
 41
 78
 30
 53
 42
 28
 24
 58
 228
 80
 29
 390
 350
 77
 296
 76
 42
 1173
 1273
 3970
 1185
 33
 810
 3597
 1521
 1454
 53
 2192
 4909
 1953
 1812
 1876
 704
 1578
 2146
 714
 6304
 1806
 952
 5124
 94
 3028
 8465
 3868
 730
 4360
 7188
 5148
 6830
 7269
 8978
 4496
 12868
 6118
 5162
 6352
 4805
 11173
 6101
 4836
 9338
 9765
 3160
 69
 928
 9137
 16430
 11376
 15874
 12213
 9589
 14730
 10540
 8006
 12433
 13253
 19389
 11616
 10050
 19985
 11448
 9233
 13992
 18114
 16052
 15010
 10469
 14505
 10458
 20838
 19576
 23000
 15482
 174
 13557
 20208
 17154
 15604
 11756
 15124
 23588
 16782
 28018
 17578
 16534
 23780
 15620
 15997
 30446
 17876
 16669
 30337
 29828
 29453
 16629
 17584
 24721
 21126
 13932
 160
 20645
 21294
 10157
 10281
 22581
 14184
 22462
 28497
 21796
 24913
 31045
 13440
 23825
 27564
 25190
 23528
 12494
 23370
 30769
 20332
 20788
 19137
 28273
 24122
 21504
 16042
 21612
 27478
 25108
 22394
 19381
 30890
 23145
 33564
 30830
 25352
 36054
 29316
 29002
 47014
 21652
 31134
 19517
 19758
 22392
 32837
 26840
 12753
 32973
 40168
 33852
 39164
 48113
 35006
 31541
 37574
 32277
 26120
 28717
 33177
 37349
 33729
 46182
 27586
 30500
 34005
 37930
 44522
 31934
 32552
 39489
 35524
 38041
