Queue: 
1 1000000000
----------
Parents
0 0 0 0 0 0 
----------
Queue: 
2 16
3 13
----------
Parents
0 1 1 0 0 0 
----------
Queue: 
3 13
4 12
----------
Parents
0 1 1 2 0 0 
----------
Queue: 
4 12
5 13
----------
Parents
0 1 1 2 3 0 
----------
step: 1

flow: 12
Path:
1 2 4 6
----------

Queue: 
1 1000000000
----------
Parents
0 0 0 0 0 0 
----------
Queue: 
2 4
3 13
----------
Parents
0 1 1 0 0 0 
----------
Queue: 
3 13
----------
Parents
0 1 1 0 0 0 
----------
Queue: 
5 13
----------
Parents
0 1 1 0 3 0 
----------
step: 2

flow: 4
Path:
1 3 5 6
----------

Queue: 
1 1000000000
----------
Parents
0 0 0 0 0 0 
----------
Queue: 
2 4
3 9
----------
Parents
0 1 1 0 0 0 
----------
Queue: 
3 9
----------
Parents
0 1 1 0 0 0 
----------
Queue: 
5 9
----------
Parents
0 1 1 0 3 0 
----------
Queue: 
4 7
----------
Parents
0 1 1 5 3 0 
----------
step: 3

flow: 7
Path:
1 3 5 4 6
----------

Queue: 
1 1000000000
----------
Parents
0 0 0 0 0 0 
----------
Queue: 
2 4
3 2
----------
Parents
0 1 1 0 0 0 
----------
Queue: 
3 2
----------
Parents
0 1 1 0 0 0 
----------
Queue: 
5 2
----------
Parents
0 1 1 0 3 0 
----------
23
