Init
  0 inf inf inf  -1 inf 
  1   0 inf   2 inf inf 
inf   2   0 inf inf  -8 
 -4 inf inf   0   3 inf 
inf   7 inf inf   0 inf 
inf   5  10 inf inf   0 

------------------------

  0 inf inf inf  -1 inf 
  1   0 inf   2   0 inf 
inf   2   0 inf inf  -8 
 -4 inf inf   0  -5 inf 
inf   7 inf inf   0 inf 
inf   5  10 inf inf   0 

  0 inf inf inf  -1 inf 
  1   0 inf   2   0 inf 
  3   2   0   4   2  -8 
 -4 inf inf   0  -5 inf 
  8   7 inf   9   0 inf 
  6   5  10   7   5   0 

  0 inf inf inf  -1 inf 
  1   0 inf   2   0 inf 
  3   2   0   4   2  -8 
 -4 inf inf   0  -5 inf 
  8   7 inf   9   0 inf 
  6   5  10   7   5   0 

  0 inf inf inf  -1 inf 
 -2   0 inf   2  -3 inf 
  0   2   0   4  -1  -8 
 -4 inf inf   0  -5 inf 
  5   7 inf   9   0 inf 
  3   5  10   7   2   0 

  0   6 inf   8  -1 inf 
 -2   0 inf   2  -3 inf 
  0   2   0   4  -1  -8 
 -4   2 inf   0  -5 inf 
  5   7 inf   9   0 inf 
  3   5  10   7   2   0 

  0   6 inf   8  -1 inf 
 -2   0 inf   2  -3 inf 
 -5  -3   0  -1  -6  -8 
 -4   2 inf   0  -5 inf 
  5   7 inf   9   0 inf 
  3   5  10   7   2   0 

  